<?xml version="1.0" encoding="UTF-8"?>
<testng-results ignored="0" total="1" passed="1" failed="0" skipped="0">
  <reporter-output>
  </reporter-output>
  <suite started-at="2024-03-31T07:23:13 IST" name="Default Suite" finished-at="2024-03-31T07:23:14 IST" duration-ms="251">
    <groups>
    </groups>
    <test started-at="2024-03-31T07:23:13 IST" name="FirstAutomationRep" finished-at="2024-03-31T07:23:14 IST" duration-ms="251">
      <class name="org.example.PractiseTestNg">
        <test-method signature="hello()[pri:0, instance:org.example.PractiseTestNg@4988d8b8]" started-at="2024-03-31T07:23:14 IST" name="hello" finished-at="2024-03-31T07:23:14 IST" duration-ms="23" status="PASS">
          <reporter-output>
          </reporter-output>
        </test-method> <!-- hello -->
      </class> <!-- org.example.PractiseTestNg -->
    </test> <!-- FirstAutomationRep -->
  </suite> <!-- Default Suite -->
</testng-results>
